{"/Users/Ed/Projects/sudoku-solver/Gruntfile.js":{"path":"/Users/Ed/Projects/sudoku-solver/Gruntfile.js","s":{"1":1,"2":1,"3":1,"4":1,"5":1,"6":1,"7":1,"8":1,"9":1},"b":{},"f":{"1":1},"fnMap":{"1":{"name":"(anonymous_1)","line":1,"loc":{"start":{"line":1,"column":17},"end":{"line":1,"column":32}}}},"statementMap":{"1":{"start":{"line":1,"column":0},"end":{"line":49,"column":2}},"2":{"start":{"line":3,"column":2},"end":{"line":38,"column":5}},"3":{"start":{"line":40,"column":2},"end":{"line":40,"column":43}},"4":{"start":{"line":41,"column":2},"end":{"line":41,"column":45}},"5":{"start":{"line":42,"column":2},"end":{"line":42,"column":44}},"6":{"start":{"line":43,"column":2},"end":{"line":43,"column":45}},"7":{"start":{"line":44,"column":2},"end":{"line":44,"column":45}},"8":{"start":{"line":46,"column":2},"end":{"line":46,"column":94}},"9":{"start":{"line":47,"column":2},"end":{"line":47,"column":93}}},"branchMap":{}},"/Users/Ed/Projects/sudoku-solver/spec/boardSpec.js":{"path":"/Users/Ed/Projects/sudoku-solver/spec/boardSpec.js","s":{"1":1,"2":1,"3":1,"4":1,"5":1,"6":1,"7":1,"8":1,"9":5,"10":1,"11":1,"12":1,"13":1,"14":1,"15":1,"16":81,"17":1,"18":1,"19":1,"20":1,"21":1,"22":1,"23":1,"24":1,"25":1,"26":1,"27":1,"28":3,"29":1,"30":1,"31":1,"32":1,"33":1,"34":1},"b":{},"f":{"1":1,"2":1,"3":1,"4":1,"5":5,"6":1,"7":1,"8":1,"9":1,"10":1,"11":1,"12":1,"13":3,"14":1,"15":1,"16":1},"fnMap":{"1":{"name":"(anonymous_1)","line":3,"loc":{"start":{"line":3,"column":18},"end":{"line":3,"column":29}}},"2":{"name":"(anonymous_2)","line":7,"loc":{"start":{"line":7,"column":41},"end":{"line":7,"column":52}}},"3":{"name":"(anonymous_3)","line":9,"loc":{"start":{"line":9,"column":34},"end":{"line":9,"column":45}}},"4":{"name":"(anonymous_4)","line":15,"loc":{"start":{"line":15,"column":33},"end":{"line":15,"column":44}}},"5":{"name":"(anonymous_5)","line":17,"loc":{"start":{"line":17,"column":13},"end":{"line":17,"column":24}}},"6":{"name":"(anonymous_6)","line":21,"loc":{"start":{"line":21,"column":106},"end":{"line":21,"column":117}}},"7":{"name":"(anonymous_7)","line":27,"loc":{"start":{"line":27,"column":88},"end":{"line":27,"column":99}}},"8":{"name":"(anonymous_8)","line":33,"loc":{"start":{"line":33,"column":75},"end":{"line":33,"column":86}}},"9":{"name":"(anonymous_9)","line":38,"loc":{"start":{"line":38,"column":58},"end":{"line":38,"column":69}}},"10":{"name":"(anonymous_10)","line":39,"loc":{"start":{"line":39,"column":10},"end":{"line":39,"column":21}}},"11":{"name":"(anonymous_11)","line":42,"loc":{"start":{"line":42,"column":51},"end":{"line":42,"column":62}}},"12":{"name":"(anonymous_12)","line":49,"loc":{"start":{"line":49,"column":44},"end":{"line":49,"column":55}}},"13":{"name":"(anonymous_13)","line":51,"loc":{"start":{"line":51,"column":13},"end":{"line":51,"column":24}}},"14":{"name":"(anonymous_14)","line":55,"loc":{"start":{"line":55,"column":37},"end":{"line":55,"column":48}}},"15":{"name":"(anonymous_15)","line":59,"loc":{"start":{"line":59,"column":40},"end":{"line":59,"column":51}}},"16":{"name":"(anonymous_16)","line":63,"loc":{"start":{"line":63,"column":39},"end":{"line":63,"column":50}}}},"statementMap":{"1":{"start":{"line":1,"column":0},"end":{"line":1,"column":43}},"2":{"start":{"line":3,"column":0},"end":{"line":69,"column":3}},"3":{"start":{"line":5,"column":1},"end":{"line":5,"column":25}},"4":{"start":{"line":7,"column":1},"end":{"line":13,"column":4}},"5":{"start":{"line":9,"column":2},"end":{"line":11,"column":5}},"6":{"start":{"line":10,"column":3},"end":{"line":10,"column":34}},"7":{"start":{"line":15,"column":1},"end":{"line":47,"column":4}},"8":{"start":{"line":17,"column":2},"end":{"line":19,"column":5}},"9":{"start":{"line":18,"column":3},"end":{"line":18,"column":22}},"10":{"start":{"line":21,"column":2},"end":{"line":25,"column":5}},"11":{"start":{"line":22,"column":3},"end":{"line":22,"column":54}},"12":{"start":{"line":23,"column":3},"end":{"line":23,"column":52}},"13":{"start":{"line":24,"column":3},"end":{"line":24,"column":83}},"14":{"start":{"line":27,"column":2},"end":{"line":31,"column":5}},"15":{"start":{"line":28,"column":3},"end":{"line":30,"column":4}},"16":{"start":{"line":29,"column":4},"end":{"line":29,"column":65}},"17":{"start":{"line":33,"column":2},"end":{"line":36,"column":5}},"18":{"start":{"line":34,"column":3},"end":{"line":34,"column":38}},"19":{"start":{"line":35,"column":3},"end":{"line":35,"column":36}},"20":{"start":{"line":38,"column":2},"end":{"line":40,"column":5}},"21":{"start":{"line":39,"column":3},"end":{"line":39,"column":124}},"22":{"start":{"line":39,"column":23},"end":{"line":39,"column":59}},"23":{"start":{"line":42,"column":2},"end":{"line":45,"column":5}},"24":{"start":{"line":43,"column":3},"end":{"line":43,"column":46}},"25":{"start":{"line":44,"column":3},"end":{"line":44,"column":34}},"26":{"start":{"line":49,"column":1},"end":{"line":67,"column":4}},"27":{"start":{"line":51,"column":2},"end":{"line":53,"column":5}},"28":{"start":{"line":52,"column":3},"end":{"line":52,"column":22}},"29":{"start":{"line":55,"column":2},"end":{"line":57,"column":5}},"30":{"start":{"line":56,"column":3},"end":{"line":56,"column":95}},"31":{"start":{"line":59,"column":2},"end":{"line":61,"column":5}},"32":{"start":{"line":60,"column":3},"end":{"line":60,"column":98}},"33":{"start":{"line":63,"column":2},"end":{"line":65,"column":5}},"34":{"start":{"line":64,"column":3},"end":{"line":64,"column":97}}},"branchMap":{}},"/Users/Ed/Projects/sudoku-solver/app/models/board.js":{"path":"/Users/Ed/Projects/sudoku-solver/app/models/board.js","s":{"1":1,"2":2,"3":1,"4":1,"5":1,"6":1,"7":1,"8":13,"9":13,"10":117,"11":1053,"12":1,"13":152,"14":1,"15":151,"16":1,"17":149,"18":1,"19":149,"20":1,"21":149,"22":149,"23":149,"24":1,"25":1,"26":1,"27":1,"28":9,"29":1,"30":1,"31":298,"32":298,"33":24138,"34":2682,"35":298,"36":1,"37":149,"38":1,"39":149,"40":1,"41":298,"42":298,"43":894,"44":298,"45":298,"46":1},"b":{"1":[1,151],"2":[152,152,151],"3":[2682,21456],"4":[298,596]},"f":{"1":2,"2":13,"3":117,"4":1053,"5":152,"6":149,"7":149,"8":149,"9":1,"10":298,"11":149,"12":149,"13":298,"14":894},"fnMap":{"1":{"name":"Board","line":1,"loc":{"start":{"line":1,"column":-15},"end":{"line":1,"column":17}}},"2":{"name":"(anonymous_2)","line":10,"loc":{"start":{"line":10,"column":29},"end":{"line":10,"column":40}}},"3":{"name":"(anonymous_3)","line":12,"loc":{"start":{"line":12,"column":22},"end":{"line":12,"column":39}}},"4":{"name":"(anonymous_4)","line":13,"loc":{"start":{"line":13,"column":24},"end":{"line":13,"column":41}}},"5":{"name":"(anonymous_5)","line":19,"loc":{"start":{"line":19,"column":38},"end":{"line":19,"column":62}}},"6":{"name":"(anonymous_6)","line":26,"loc":{"start":{"line":26,"column":26},"end":{"line":26,"column":42}}},"7":{"name":"(anonymous_7)","line":30,"loc":{"start":{"line":30,"column":29},"end":{"line":30,"column":45}}},"8":{"name":"(anonymous_8)","line":34,"loc":{"start":{"line":34,"column":28},"end":{"line":34,"column":44}}},"9":{"name":"(anonymous_9)","line":42,"loc":{"start":{"line":42,"column":42},"end":{"line":42,"column":53}}},"10":{"name":"(anonymous_10)","line":51,"loc":{"start":{"line":51,"column":37},"end":{"line":51,"column":70}}},"11":{"name":"(anonymous_11)","line":61,"loc":{"start":{"line":61,"column":35},"end":{"line":61,"column":51}}},"12":{"name":"(anonymous_12)","line":65,"loc":{"start":{"line":65,"column":35},"end":{"line":65,"column":51}}},"13":{"name":"(anonymous_13)","line":70,"loc":{"start":{"line":70,"column":37},"end":{"line":70,"column":78}}},"14":{"name":"(anonymous_14)","line":72,"loc":{"start":{"line":72,"column":16},"end":{"line":72,"column":38}}}},"statementMap":{"1":{"start":{"line":1,"column":-15},"end":{"line":3,"column":1}},"2":{"start":{"line":2,"column":1},"end":{"line":2,"column":16}},"3":{"start":{"line":5,"column":0},"end":{"line":5,"column":72}},"4":{"start":{"line":6,"column":0},"end":{"line":6,"column":72}},"5":{"start":{"line":7,"column":0},"end":{"line":7,"column":84}},"6":{"start":{"line":8,"column":0},"end":{"line":8,"column":84}},"7":{"start":{"line":10,"column":0},"end":{"line":17,"column":2}},"8":{"start":{"line":11,"column":1},"end":{"line":11,"column":18}},"9":{"start":{"line":12,"column":1},"end":{"line":16,"column":4}},"10":{"start":{"line":13,"column":2},"end":{"line":15,"column":5}},"11":{"start":{"line":14,"column":3},"end":{"line":14,"column":61}},"12":{"start":{"line":19,"column":0},"end":{"line":24,"column":2}},"13":{"start":{"line":20,"column":1},"end":{"line":22,"column":2}},"14":{"start":{"line":21,"column":2},"end":{"line":21,"column":61}},"15":{"start":{"line":23,"column":1},"end":{"line":23,"column":27}},"16":{"start":{"line":26,"column":0},"end":{"line":28,"column":2}},"17":{"start":{"line":27,"column":1},"end":{"line":27,"column":42}},"18":{"start":{"line":30,"column":0},"end":{"line":32,"column":2}},"19":{"start":{"line":31,"column":1},"end":{"line":31,"column":42}},"20":{"start":{"line":34,"column":0},"end":{"line":40,"column":2}},"21":{"start":{"line":35,"column":1},"end":{"line":35,"column":44}},"22":{"start":{"line":36,"column":1},"end":{"line":36,"column":44}},"23":{"start":{"line":37,"column":1},"end":{"line":39,"column":82}},"24":{"start":{"line":42,"column":0},"end":{"line":49,"column":2}},"25":{"start":{"line":43,"column":1},"end":{"line":43,"column":37}},"26":{"start":{"line":44,"column":1},"end":{"line":44,"column":15}},"27":{"start":{"line":45,"column":1},"end":{"line":47,"column":2}},"28":{"start":{"line":46,"column":2},"end":{"line":46,"column":33}},"29":{"start":{"line":48,"column":1},"end":{"line":48,"column":13}},"30":{"start":{"line":51,"column":0},"end":{"line":59,"column":2}},"31":{"start":{"line":52,"column":1},"end":{"line":52,"column":16}},"32":{"start":{"line":53,"column":1},"end":{"line":57,"column":2}},"33":{"start":{"line":54,"column":2},"end":{"line":56,"column":3}},"34":{"start":{"line":55,"column":3},"end":{"line":55,"column":20}},"35":{"start":{"line":58,"column":1},"end":{"line":58,"column":14}},"36":{"start":{"line":61,"column":0},"end":{"line":63,"column":2}},"37":{"start":{"line":62,"column":1},"end":{"line":62,"column":62}},"38":{"start":{"line":65,"column":0},"end":{"line":68,"column":2}},"39":{"start":{"line":66,"column":1},"end":{"line":66,"column":62}},"40":{"start":{"line":70,"column":0},"end":{"line":78,"column":2}},"41":{"start":{"line":71,"column":1},"end":{"line":71,"column":11}},"42":{"start":{"line":72,"column":1},"end":{"line":76,"column":4}},"43":{"start":{"line":73,"column":2},"end":{"line":75,"column":3}},"44":{"start":{"line":74,"column":3},"end":{"line":74,"column":23}},"45":{"start":{"line":77,"column":1},"end":{"line":77,"column":14}},"46":{"start":{"line":80,"column":0},"end":{"line":80,"column":23}}},"branchMap":{"1":{"line":20,"type":"if","locations":[{"start":{"line":20,"column":1},"end":{"line":20,"column":1}},{"start":{"line":20,"column":1},"end":{"line":20,"column":1}}]},"2":{"line":20,"type":"binary-expr","locations":[{"start":{"line":20,"column":5},"end":{"line":20,"column":15}},{"start":{"line":20,"column":19},"end":{"line":20,"column":29}},{"start":{"line":20,"column":33},"end":{"line":20,"column":62}}]},"3":{"line":54,"type":"if","locations":[{"start":{"line":54,"column":2},"end":{"line":54,"column":2}},{"start":{"line":54,"column":2},"end":{"line":54,"column":2}}]},"4":{"line":73,"type":"if","locations":[{"start":{"line":73,"column":2},"end":{"line":73,"column":2}},{"start":{"line":73,"column":2},"end":{"line":73,"column":2}}]}}},"/Users/Ed/Projects/sudoku-solver/spec/solverSpec.js":{"path":"/Users/Ed/Projects/sudoku-solver/spec/solverSpec.js","s":{"1":1,"2":1,"3":1,"4":1,"5":1,"6":1,"7":1,"8":5,"9":5,"10":150,"11":1,"12":1,"13":1,"14":1,"15":1,"16":1,"17":1,"18":1,"19":1,"20":1,"21":1,"22":1,"23":1,"24":1,"25":1,"26":1},"b":{},"f":{"1":1,"2":5,"3":150,"4":1,"5":1,"6":1,"7":1,"8":1},"fnMap":{"1":{"name":"(anonymous_1)","line":4,"loc":{"start":{"line":4,"column":19},"end":{"line":4,"column":30}}},"2":{"name":"(anonymous_2)","line":19,"loc":{"start":{"line":19,"column":12},"end":{"line":19,"column":23}}},"3":{"name":"(anonymous_3)","line":21,"loc":{"start":{"line":21,"column":25},"end":{"line":21,"column":49}}},"4":{"name":"(anonymous_4)","line":26,"loc":{"start":{"line":26,"column":66},"end":{"line":26,"column":77}}},"5":{"name":"(anonymous_5)","line":31,"loc":{"start":{"line":31,"column":69},"end":{"line":31,"column":80}}},"6":{"name":"(anonymous_6)","line":36,"loc":{"start":{"line":36,"column":68},"end":{"line":36,"column":79}}},"7":{"name":"(anonymous_7)","line":41,"loc":{"start":{"line":41,"column":59},"end":{"line":41,"column":70}}},"8":{"name":"(anonymous_8)","line":47,"loc":{"start":{"line":47,"column":120},"end":{"line":47,"column":131}}}},"statementMap":{"1":{"start":{"line":1,"column":0},"end":{"line":1,"column":45}},"2":{"start":{"line":2,"column":0},"end":{"line":2,"column":43}},"3":{"start":{"line":4,"column":0},"end":{"line":62,"column":3}},"4":{"start":{"line":6,"column":1},"end":{"line":6,"column":27}},"5":{"start":{"line":7,"column":1},"end":{"line":7,"column":25}},"6":{"start":{"line":9,"column":1},"end":{"line":17,"column":45}},"7":{"start":{"line":19,"column":1},"end":{"line":24,"column":4}},"8":{"start":{"line":20,"column":2},"end":{"line":20,"column":21}},"9":{"start":{"line":21,"column":2},"end":{"line":23,"column":5}},"10":{"start":{"line":22,"column":3},"end":{"line":22,"column":65}},"11":{"start":{"line":26,"column":1},"end":{"line":29,"column":4}},"12":{"start":{"line":27,"column":2},"end":{"line":27,"column":36}},"13":{"start":{"line":28,"column":2},"end":{"line":28,"column":52}},"14":{"start":{"line":31,"column":1},"end":{"line":34,"column":4}},"15":{"start":{"line":32,"column":2},"end":{"line":32,"column":39}},"16":{"start":{"line":33,"column":2},"end":{"line":33,"column":58}},"17":{"start":{"line":36,"column":1},"end":{"line":39,"column":4}},"18":{"start":{"line":37,"column":2},"end":{"line":37,"column":38}},"19":{"start":{"line":38,"column":2},"end":{"line":38,"column":46}},"20":{"start":{"line":41,"column":1},"end":{"line":45,"column":4}},"21":{"start":{"line":42,"column":2},"end":{"line":42,"column":22}},"22":{"start":{"line":43,"column":2},"end":{"line":43,"column":47}},"23":{"start":{"line":44,"column":2},"end":{"line":44,"column":35}},"24":{"start":{"line":47,"column":1},"end":{"line":60,"column":4}},"25":{"start":{"line":48,"column":2},"end":{"line":48,"column":27}},"26":{"start":{"line":49,"column":2},"end":{"line":59,"column":5}}},"branchMap":{}},"/Users/Ed/Projects/sudoku-solver/app/models/solver.js":{"path":"/Users/Ed/Projects/sudoku-solver/app/models/solver.js","s":{"1":1,"2":1,"3":5,"4":405,"5":147,"6":147,"7":5,"8":1,"9":147,"10":147,"11":147,"12":1,"13":148,"14":148,"15":1,"16":148,"17":148,"18":1,"19":148,"20":148,"21":1,"22":444,"23":3996,"24":417,"25":417,"26":1,"27":148,"28":52,"29":1,"30":5,"31":405,"32":4,"33":1},"b":{"1":[147,258],"2":[417,3579],"3":[52,96],"4":[4,401]},"f":{"1":1,"2":5,"3":147,"4":148,"5":148,"6":148,"7":444,"8":3996,"9":148,"10":5},"fnMap":{"1":{"name":"Solver","line":1,"loc":{"start":{"line":1,"column":-15},"end":{"line":1,"column":18}}},"2":{"name":"(anonymous_2)","line":3,"loc":{"start":{"line":3,"column":30},"end":{"line":3,"column":46}}},"3":{"name":"(anonymous_3)","line":13,"loc":{"start":{"line":13,"column":39},"end":{"line":13,"column":61}}},"4":{"name":"(anonymous_4)","line":19,"loc":{"start":{"line":19,"column":33},"end":{"line":19,"column":55}}},"5":{"name":"(anonymous_5)","line":24,"loc":{"start":{"line":24,"column":36},"end":{"line":24,"column":58}}},"6":{"name":"(anonymous_6)","line":29,"loc":{"start":{"line":29,"column":35},"end":{"line":29,"column":57}}},"7":{"name":"(anonymous_7)","line":34,"loc":{"start":{"line":34,"column":42},"end":{"line":34,"column":73}}},"8":{"name":"(anonymous_8)","line":35,"loc":{"start":{"line":35,"column":17},"end":{"line":35,"column":37}}},"9":{"name":"(anonymous_9)","line":43,"loc":{"start":{"line":43,"column":44},"end":{"line":43,"column":66}}},"10":{"name":"(anonymous_10)","line":49,"loc":{"start":{"line":49,"column":45},"end":{"line":49,"column":61}}}},"statementMap":{"1":{"start":{"line":1,"column":-15},"end":{"line":1,"column":20}},"2":{"start":{"line":3,"column":0},"end":{"line":11,"column":2}},"3":{"start":{"line":4,"column":1},"end":{"line":9,"column":2}},"4":{"start":{"line":5,"column":2},"end":{"line":8,"column":3}},"5":{"start":{"line":6,"column":3},"end":{"line":6,"column":41}},"6":{"start":{"line":7,"column":3},"end":{"line":7,"column":46}},"7":{"start":{"line":10,"column":1},"end":{"line":10,"column":39}},"8":{"start":{"line":13,"column":0},"end":{"line":17,"column":2}},"9":{"start":{"line":14,"column":1},"end":{"line":14,"column":33}},"10":{"start":{"line":15,"column":1},"end":{"line":15,"column":36}},"11":{"start":{"line":16,"column":1},"end":{"line":16,"column":35}},"12":{"start":{"line":19,"column":0},"end":{"line":22,"column":2}},"13":{"start":{"line":20,"column":1},"end":{"line":20,"column":31}},"14":{"start":{"line":21,"column":1},"end":{"line":21,"column":47}},"15":{"start":{"line":24,"column":0},"end":{"line":27,"column":2}},"16":{"start":{"line":25,"column":1},"end":{"line":25,"column":37}},"17":{"start":{"line":26,"column":1},"end":{"line":26,"column":50}},"18":{"start":{"line":29,"column":0},"end":{"line":32,"column":2}},"19":{"start":{"line":30,"column":1},"end":{"line":30,"column":35}},"20":{"start":{"line":31,"column":1},"end":{"line":31,"column":49}},"21":{"start":{"line":34,"column":0},"end":{"line":41,"column":2}},"22":{"start":{"line":35,"column":1},"end":{"line":40,"column":4}},"23":{"start":{"line":36,"column":2},"end":{"line":39,"column":3}},"24":{"start":{"line":37,"column":3},"end":{"line":37,"column":63}},"25":{"start":{"line":38,"column":3},"end":{"line":38,"column":37}},"26":{"start":{"line":43,"column":0},"end":{"line":47,"column":2}},"27":{"start":{"line":44,"column":1},"end":{"line":46,"column":2}},"28":{"start":{"line":45,"column":2},"end":{"line":45,"column":41}},"29":{"start":{"line":49,"column":0},"end":{"line":55,"column":2}},"30":{"start":{"line":50,"column":1},"end":{"line":54,"column":2}},"31":{"start":{"line":51,"column":2},"end":{"line":53,"column":3}},"32":{"start":{"line":52,"column":3},"end":{"line":52,"column":26}},"33":{"start":{"line":57,"column":0},"end":{"line":57,"column":24}}},"branchMap":{"1":{"line":5,"type":"if","locations":[{"start":{"line":5,"column":2},"end":{"line":5,"column":2}},{"start":{"line":5,"column":2},"end":{"line":5,"column":2}}]},"2":{"line":36,"type":"if","locations":[{"start":{"line":36,"column":2},"end":{"line":36,"column":2}},{"start":{"line":36,"column":2},"end":{"line":36,"column":2}}]},"3":{"line":44,"type":"if","locations":[{"start":{"line":44,"column":1},"end":{"line":44,"column":1}},{"start":{"line":44,"column":1},"end":{"line":44,"column":1}}]},"4":{"line":51,"type":"if","locations":[{"start":{"line":51,"column":2},"end":{"line":51,"column":2}},{"start":{"line":51,"column":2},"end":{"line":51,"column":2}}]}}}}