TN:
SF:/Users/Ed/Projects/sudoku-solver/Gruntfile.js
FN:1,(anonymous_1)
FNF:1
FNH:1
FNDA:1,(anonymous_1)
DA:1,1
DA:3,1
DA:40,1
DA:41,1
DA:42,1
DA:43,1
DA:44,1
DA:46,1
DA:47,1
LF:9
LH:9
BRF:0
BRH:0
end_of_record
TN:
SF:/Users/Ed/Projects/sudoku-solver/spec/boardSpec.js
FN:3,(anonymous_1)
FN:7,(anonymous_2)
FN:9,(anonymous_3)
FN:15,(anonymous_4)
FN:17,(anonymous_5)
FN:21,(anonymous_6)
FN:27,(anonymous_7)
FN:33,(anonymous_8)
FN:38,(anonymous_9)
FN:39,(anonymous_10)
FN:42,(anonymous_11)
FN:49,(anonymous_12)
FN:51,(anonymous_13)
FN:55,(anonymous_14)
FN:59,(anonymous_15)
FN:63,(anonymous_16)
FNF:16
FNH:16
FNDA:1,(anonymous_1)
FNDA:1,(anonymous_2)
FNDA:1,(anonymous_3)
FNDA:1,(anonymous_4)
FNDA:5,(anonymous_5)
FNDA:1,(anonymous_6)
FNDA:1,(anonymous_7)
FNDA:1,(anonymous_8)
FNDA:1,(anonymous_9)
FNDA:1,(anonymous_10)
FNDA:1,(anonymous_11)
FNDA:1,(anonymous_12)
FNDA:3,(anonymous_13)
FNDA:1,(anonymous_14)
FNDA:1,(anonymous_15)
FNDA:1,(anonymous_16)
DA:1,1
DA:3,1
DA:5,1
DA:7,1
DA:9,1
DA:10,1
DA:15,1
DA:17,1
DA:18,5
DA:21,1
DA:22,1
DA:23,1
DA:24,1
DA:27,1
DA:28,1
DA:29,81
DA:33,1
DA:34,1
DA:35,1
DA:38,1
DA:39,1
DA:42,1
DA:43,1
DA:44,1
DA:49,1
DA:51,1
DA:52,3
DA:55,1
DA:56,1
DA:59,1
DA:60,1
DA:63,1
DA:64,1
LF:33
LH:33
BRF:0
BRH:0
end_of_record
TN:
SF:/Users/Ed/Projects/sudoku-solver/app/models/board.js
FN:1,Board
FN:10,(anonymous_2)
FN:12,(anonymous_3)
FN:13,(anonymous_4)
FN:19,(anonymous_5)
FN:26,(anonymous_6)
FN:30,(anonymous_7)
FN:34,(anonymous_8)
FN:42,(anonymous_9)
FN:51,(anonymous_10)
FN:61,(anonymous_11)
FN:65,(anonymous_12)
FN:70,(anonymous_13)
FN:72,(anonymous_14)
FNF:14
FNH:14
FNDA:2,Board
FNDA:13,(anonymous_2)
FNDA:117,(anonymous_3)
FNDA:1053,(anonymous_4)
FNDA:152,(anonymous_5)
FNDA:149,(anonymous_6)
FNDA:149,(anonymous_7)
FNDA:149,(anonymous_8)
FNDA:1,(anonymous_9)
FNDA:298,(anonymous_10)
FNDA:149,(anonymous_11)
FNDA:149,(anonymous_12)
FNDA:298,(anonymous_13)
FNDA:894,(anonymous_14)
DA:1,1
DA:2,2
DA:5,1
DA:6,1
DA:7,1
DA:8,1
DA:10,1
DA:11,13
DA:12,13
DA:13,117
DA:14,1053
DA:19,1
DA:20,152
DA:21,1
DA:23,151
DA:26,1
DA:27,149
DA:30,1
DA:31,149
DA:34,1
DA:35,149
DA:36,149
DA:37,149
DA:42,1
DA:43,1
DA:44,1
DA:45,1
DA:46,9
DA:48,1
DA:51,1
DA:52,298
DA:53,298
DA:54,24138
DA:55,2682
DA:58,298
DA:61,1
DA:62,149
DA:65,1
DA:66,149
DA:70,1
DA:71,298
DA:72,298
DA:73,894
DA:74,298
DA:77,298
DA:80,1
LF:46
LH:46
BRDA:20,1,0,1
BRDA:20,1,1,151
BRDA:20,2,0,152
BRDA:20,2,1,152
BRDA:20,2,2,151
BRDA:54,3,0,2682
BRDA:54,3,1,21456
BRDA:73,4,0,298
BRDA:73,4,1,596
BRF:9
BRH:9
end_of_record
TN:
SF:/Users/Ed/Projects/sudoku-solver/spec/solverSpec.js
FN:4,(anonymous_1)
FN:19,(anonymous_2)
FN:21,(anonymous_3)
FN:26,(anonymous_4)
FN:31,(anonymous_5)
FN:36,(anonymous_6)
FN:41,(anonymous_7)
FN:47,(anonymous_8)
FNF:8
FNH:8
FNDA:1,(anonymous_1)
FNDA:5,(anonymous_2)
FNDA:150,(anonymous_3)
FNDA:1,(anonymous_4)
FNDA:1,(anonymous_5)
FNDA:1,(anonymous_6)
FNDA:1,(anonymous_7)
FNDA:1,(anonymous_8)
DA:1,1
DA:2,1
DA:4,1
DA:6,1
DA:7,1
DA:9,1
DA:19,1
DA:20,5
DA:21,5
DA:22,150
DA:26,1
DA:27,1
DA:28,1
DA:31,1
DA:32,1
DA:33,1
DA:36,1
DA:37,1
DA:38,1
DA:41,1
DA:42,1
DA:43,1
DA:44,1
DA:47,1
DA:48,1
DA:49,1
LF:26
LH:26
BRF:0
BRH:0
end_of_record
TN:
SF:/Users/Ed/Projects/sudoku-solver/app/models/solver.js
FN:1,Solver
FN:3,(anonymous_2)
FN:13,(anonymous_3)
FN:19,(anonymous_4)
FN:24,(anonymous_5)
FN:29,(anonymous_6)
FN:34,(anonymous_7)
FN:35,(anonymous_8)
FN:43,(anonymous_9)
FN:49,(anonymous_10)
FNF:10
FNH:10
FNDA:1,Solver
FNDA:5,(anonymous_2)
FNDA:147,(anonymous_3)
FNDA:148,(anonymous_4)
FNDA:148,(anonymous_5)
FNDA:148,(anonymous_6)
FNDA:444,(anonymous_7)
FNDA:3996,(anonymous_8)
FNDA:148,(anonymous_9)
FNDA:5,(anonymous_10)
DA:1,1
DA:3,1
DA:4,5
DA:5,405
DA:6,147
DA:7,147
DA:10,5
DA:13,1
DA:14,147
DA:15,147
DA:16,147
DA:19,1
DA:20,148
DA:21,148
DA:24,1
DA:25,148
DA:26,148
DA:29,1
DA:30,148
DA:31,148
DA:34,1
DA:35,444
DA:36,3996
DA:37,417
DA:38,417
DA:43,1
DA:44,148
DA:45,52
DA:49,1
DA:50,5
DA:51,405
DA:52,4
DA:57,1
LF:33
LH:33
BRDA:5,1,0,147
BRDA:5,1,1,258
BRDA:36,2,0,417
BRDA:36,2,1,3579
BRDA:44,3,0,52
BRDA:44,3,1,96
BRDA:51,4,0,4
BRDA:51,4,1,401
BRF:8
BRH:8
end_of_record
